<?xml version="1.0" encoding="UTF-8"?>
<testng-results ignored="0" total="1" passed="1" failed="0" skipped="0">
  <reporter-output>
  </reporter-output>
  <suite started-at="2024-01-16T12:41:46 IST" name="Default suite" finished-at="2024-01-16T12:41:46 IST" duration-ms="50">
    <groups>
    </groups>
    <test started-at="2024-01-16T12:41:46 IST" name="Default test" finished-at="2024-01-16T12:41:46 IST" duration-ms="50">
      <class name="ParentClass">
        <test-method signature="Patentmethodone()[pri:0, instance:ParentClass@2b91004a]" started-at="2024-01-16T12:41:46 IST" name="Patentmethodone" finished-at="2024-01-16T12:41:46 IST" duration-ms="9" status="PASS">
          <reporter-output>
          </reporter-output>
        </test-method> <!-- Patentmethodone -->
      </class> <!-- ParentClass -->
    </test> <!-- Default test -->
  </suite> <!-- Default suite -->
</testng-results>
